c:\users\jjohn\documents\visual studio 2015\projects\sdl_project\sdl_project\debug\vc140.pdb
c:\users\jjohn\documents\visual studio 2015\projects\sdl_project\sdl_project\debug\vc140.idb
c:\users\jjohn\documents\visual studio 2015\projects\sdl_project\sdl_project\debug\04_key_presses.obj
c:\users\jjohn\documents\visual studio 2015\projects\sdl_project\sdl_project\debug\source.obj
c:\users\jjohn\documents\visual studio 2015\projects\sdl_project\sdl_project\debug\10_color_keying.obj
c:\users\jjohn\documents\visual studio 2015\projects\sdl_project\sdl_project\debug\14_animated_sprites_and_vsync.obj
c:\users\jjohn\documents\visual studio 2015\projects\sdl_project\sdl_project\debug\ltexture.obj
c:\users\jjohn\documents\visual studio 2015\projects\sdl_project\sdl_project\debug\gamemodel.obj
c:\users\jjohn\documents\visual studio 2015\projects\sdl_project\sdl_project\debug\view.obj
c:\users\jjohn\documents\visual studio 2015\projects\sdl_project\sdl_project\debug\player.obj
c:\users\jjohn\documents\visual studio 2015\projects\sdl_project\sdl_project\debug\controller.obj
c:\users\jjohn\documents\visual studio 2015\projects\sdl_project\sdl_project\debug\main.obj
c:\users\jjohn\documents\visual studio 2015\projects\sdl_project\sdl_project\debug\enemy.obj
c:\users\jjohn\documents\visual studio 2015\projects\sdl_project\debug\sdl_project.pdb
c:\users\jjohn\documents\visual studio 2015\projects\sdl_project\debug\sdl_project.ilk
c:\users\jjohn\documents\visual studio 2015\projects\sdl_project\sdl_project\debug\sdl_project.tlog\cl.command.1.tlog
c:\users\jjohn\documents\visual studio 2015\projects\sdl_project\sdl_project\debug\sdl_project.tlog\cl.read.1.tlog
c:\users\jjohn\documents\visual studio 2015\projects\sdl_project\sdl_project\debug\sdl_project.tlog\cl.write.1.tlog
c:\users\jjohn\documents\visual studio 2015\projects\sdl_project\sdl_project\debug\sdl_project.tlog\link.command.1.tlog
c:\users\jjohn\documents\visual studio 2015\projects\sdl_project\sdl_project\debug\sdl_project.tlog\link.read.1.tlog
c:\users\jjohn\documents\visual studio 2015\projects\sdl_project\sdl_project\debug\sdl_project.tlog\link.write.1.tlog
